<?xml version="1.0" encoding="UTF-8"?>
<!-- Generated by org.testng.reporters.JUnitReportReporter -->
<testsuite hostname="DESKTOP-8AF4MIK" failures="0" tests="1" name="testPackage.TC_003_Logout" time="8.546" errors="0" timestamp="2024-12-07T11:51:13 IST" skipped="0">
  <testcase classname="testPackage.TC_003_Logout" name="validate_login" time="8.546"/>
</testsuite> <!-- testPackage.TC_003_Logout -->
