<?xml version="1.0" encoding="UTF-8"?>
<!-- Generated by org.testng.reporters.JUnitReportReporter -->
<testsuite hostname="DESKTOP-8AF4MIK" failures="0" tests="1" name="testPackage.TC_003_Logout" time="9.008" errors="0" timestamp="2024-12-07T09:58:15 IST" skipped="0">
  <testcase classname="testPackage.TC_003_Logout" name="validate_login" time="9.008"/>
</testsuite> <!-- testPackage.TC_003_Logout -->
